<?xml version="1.0" encoding="UTF-8"?>
<testng-results skipped="0" failed="0" ignored="0" total="2" passed="2">
  <reporter-output>
  </reporter-output>
  <suite name="sample suite" duration-ms="9989" started-at="2018-06-07T11:55:47Z" finished-at="2018-06-07T11:55:57Z">
    <groups>
    </groups>
    <test name="sample test" duration-ms="9989" started-at="2018-06-07T11:55:47Z" finished-at="2018-06-07T11:55:57Z">
      <class name="samplePack.LaunchCheck">
        <test-method status="PASS" signature="launchBrowser()[pri:1, instance:samplePack.LaunchCheck@14acaea5]" name="launchBrowser" duration-ms="7622" started-at="2018-06-07T11:55:47Z" finished-at="2018-06-07T11:55:55Z">
          <reporter-output>
          </reporter-output>
        </test-method> <!-- launchBrowser -->
        <test-method status="PASS" signature="closeBrowser()[pri:2, instance:samplePack.LaunchCheck@14acaea5]" name="closeBrowser" duration-ms="2323" started-at="2018-06-07T11:55:55Z" finished-at="2018-06-07T11:55:57Z">
          <reporter-output>
          </reporter-output>
        </test-method> <!-- closeBrowser -->
      </class> <!-- samplePack.LaunchCheck -->
    </test> <!-- sample test -->
  </suite> <!-- sample suite -->
</testng-results>
