<?xml version="1.0" encoding="UTF-8"?>
<testng-results skipped="0" failed="0" ignored="0" total="2" passed="2">
  <reporter-output>
  </reporter-output>
  <suite name="sample suite" duration-ms="15904" started-at="2018-06-07T11:56:38Z" finished-at="2018-06-07T11:56:54Z">
    <groups>
    </groups>
    <test name="sample test" duration-ms="15904" started-at="2018-06-07T11:56:38Z" finished-at="2018-06-07T11:56:54Z">
      <class name="samplePack.LaunchCheck">
        <test-method status="PASS" signature="launchBrowser()[pri:1, instance:samplePack.LaunchCheck@79698539]" name="launchBrowser" duration-ms="13544" started-at="2018-06-07T11:56:38Z" finished-at="2018-06-07T11:56:52Z">
          <reporter-output>
          </reporter-output>
        </test-method> <!-- launchBrowser -->
        <test-method status="PASS" signature="closeBrowser()[pri:2, instance:samplePack.LaunchCheck@79698539]" name="closeBrowser" duration-ms="2318" started-at="2018-06-07T11:56:52Z" finished-at="2018-06-07T11:56:54Z">
          <reporter-output>
          </reporter-output>
        </test-method> <!-- closeBrowser -->
      </class> <!-- samplePack.LaunchCheck -->
    </test> <!-- sample test -->
  </suite> <!-- sample suite -->
</testng-results>
